<?xml version="1.0" encoding="UTF-8"?>
<!-- Generated by org.testng.reporters.JUnitReportReporter -->
<testsuite hostname="DESKTOP-66BAJ88" failures="0" tests="1" name="modules.MyTimesheet" time="2.241" errors="0" timestamp="2023-09-06T21:08:33 IST" skipped="0">
  <testcase classname="modules.MyTimesheet" name="clickOnMyTimeSheet" time="2.241"/>
</testsuite> <!-- modules.MyTimesheet -->
